Arguments: 
  /Users/sunskyxh/.nvm/versions/node/v16.12.0/bin/node /Users/sunskyxh/.nvm/versions/node/v16.12.0/bin/yarn init

PATH: 
  /Users/sunskyxh/.rbenv/shims:/opt/homebrew/bin:/opt/homebrew/sbin:/Users/sunskyxh/.nvm/versions/node/v16.12.0/bin:/Users/sunskyxh/.yarn/bin:/Users/sunskyxh/.fig/bin:/usr/local/bin:/usr/bin:/bin:/usr/sbin:/sbin:/Library/Apple/usr/bin

Yarn version: 
  1.22.17

Node version: 
  16.12.0

Platform: 
  darwin arm64

Trace: 
  Error: canceled
      at Interface.<anonymous> (/Users/sunskyxh/.nvm/versions/node/v16.12.0/lib/node_modules/yarn/lib/cli.js:137143:13)
      at Interface.emit (node:events:390:28)
      at Interface._ttyWrite (node:readline:1081:16)
      at ReadStream.onkeypress (node:readline:288:10)
      at ReadStream.emit (node:events:390:28)
      at emitKeys (node:internal/readline/utils:358:14)
      at emitKeys.next (<anonymous>)
      at ReadStream.onData (node:internal/readline/emitKeypressEvents:61:36)
      at ReadStream.emit (node:events:390:28)
      at addChunk (node:internal/streams/readable:315:12)

npm manifest: 
  {
    "name": "rome-auto-redeem-bond",
    "version": "1.0.0",
    "description": "",
    "main": "index.js",
    "scripts": {
      "test": "echo \"Error: no test specified\" && exit 1",
      "init": "tsc init",
      "compile": "tsc index.ts",
      "compile:abi": "typechain --target ethers-v5 --out-dir contracts gohmBond.json"
    },
    "keywords": [],
    "author": "",
    "license": "ISC",
    "dependencies": {
      "dotenv": "^11.0.0",
      "ethers": "^5.5.3"
    },
    "devDependencies": {
      "@typechain/ethers-v5": "^9.0.0",
      "@types/node": "^17.0.8",
      "typechain": "^7.0.0",
      "typescript": "^4.5.4"
    }
  }

yarn manifest: 
  No manifest

Lockfile: 
  # THIS IS AN AUTOGENERATED FILE. DO NOT EDIT THIS FILE DIRECTLY.
  # yarn lockfile v1
  
  
  "@ethersproject/abi@5.5.0", "@ethersproject/abi@^5.5.0":
    version "5.5.0"
    resolved "https://npm.midway.run/@ethersproject%2fabi/-/abi-5.5.0.tgz#fb52820e22e50b854ff15ce1647cc508d6660613"
    integrity sha1-+1KCDiLlC4VP8VzhZHzFCNZmBhM=
    dependencies:
      "@ethersproject/address" "^5.5.0"
      "@ethersproject/bignumber" "^5.5.0"
      "@ethersproject/bytes" "^5.5.0"
      "@ethersproject/constants" "^5.5.0"
      "@ethersproject/hash" "^5.5.0"
      "@ethersproject/keccak256" "^5.5.0"
      "@ethersproject/logger" "^5.5.0"
      "@ethersproject/properties" "^5.5.0"
      "@ethersproject/strings" "^5.5.0"
  
  "@ethersproject/abstract-provider@5.5.1", "@ethersproject/abstract-provider@^5.5.0":
    version "5.5.1"
    resolved "https://npm.midway.run/@ethersproject%2fabstract-provider/-/abstract-provider-5.5.1.tgz#2f1f6e8a3ab7d378d8ad0b5718460f85649710c5"
    integrity sha1-Lx9uijq303jYrQtXGEYPhWSXEMU=
    dependencies:
      "@ethersproject/bignumber" "^5.5.0"
      "@ethersproject/bytes" "^5.5.0"
      "@ethersproject/logger" "^5.5.0"
      "@ethersproject/networks" "^5.5.0"
      "@ethersproject/properties" "^5.5.0"
      "@ethersproject/transactions" "^5.5.0"
      "@ethersproject/web" "^5.5.0"
  
  "@ethersproject/abstract-signer@5.5.0", "@ethersproject/abstract-signer@^5.5.0":
    version "5.5.0"
    resolved "https://npm.midway.run/@ethersproject%2fabstract-signer/-/abstract-signer-5.5.0.tgz#590ff6693370c60ae376bf1c7ada59eb2a8dd08d"
    integrity sha1-WQ/2aTNwxgrjdr8cetpZ6yqN0I0=
    dependencies:
      "@ethersproject/abstract-provider" "^5.5.0"
      "@ethersproject/bignumber" "^5.5.0"
      "@ethersproject/bytes" "^5.5.0"
      "@ethersproject/logger" "^5.5.0"
      "@ethersproject/properties" "^5.5.0"
  
  "@ethersproject/address@5.5.0", "@ethersproject/address@^5.5.0":
    version "5.5.0"
    resolved "https://npm.midway.run/@ethersproject%2faddress/-/address-5.5.0.tgz#bcc6f576a553f21f3dd7ba17248f81b473c9c78f"
    integrity sha1-vMb1dqVT8h8917oXJI+BtHPJx48=
    dependencies:
      "@ethersproject/bignumber" "^5.5.0"
      "@ethersproject/bytes" "^5.5.0"
      "@ethersproject/keccak256" "^5.5.0"
      "@ethersproject/logger" "^5.5.0"
      "@ethersproject/rlp" "^5.5.0"
  
  "@ethersproject/base64@5.5.0", "@ethersproject/base64@^5.5.0":
    version "5.5.0"
    resolved "https://npm.midway.run/@ethersproject%2fbase64/-/base64-5.5.0.tgz#881e8544e47ed976930836986e5eb8fab259c090"
    integrity sha1-iB6FROR+2XaTCDaYbl64+rJZwJA=
    dependencies:
      "@ethersproject/bytes" "^5.5.0"
  
  "@ethersproject/basex@5.5.0", "@ethersproject/basex@^5.5.0":
    version "5.5.0"
    resolved "https://npm.midway.run/@ethersproject%2fbasex/-/basex-5.5.0.tgz#e40a53ae6d6b09ab4d977bd037010d4bed21b4d3"
    integrity sha1-5ApTrm1rCatNl3vQNwENS+0htNM=
    dependencies:
      "@ethersproject/bytes" "^5.5.0"
      "@ethersproject/properties" "^5.5.0"
  
  "@ethersproject/bignumber@5.5.0", "@ethersproject/bignumber@^5.5.0":
    version "5.5.0"
    resolved "https://npm.midway.run/@ethersproject%2fbignumber/-/bignumber-5.5.0.tgz#875b143f04a216f4f8b96245bde942d42d279527"
    integrity sha1-h1sUPwSiFvT4uWJFvelC1C0nlSc=
    dependencies:
      "@ethersproject/bytes" "^5.5.0"
      "@ethersproject/logger" "^5.5.0"
      bn.js "^4.11.9"
  
  "@ethersproject/bytes@5.5.0", "@ethersproject/bytes@^5.5.0":
    version "5.5.0"
    resolved "https://npm.midway.run/@ethersproject%2fbytes/-/bytes-5.5.0.tgz#cb11c526de657e7b45d2e0f0246fb3b9d29a601c"
    integrity sha1-yxHFJt5lfntF0uDwJG+zudKaYBw=
    dependencies:
      "@ethersproject/logger" "^5.5.0"
  
  "@ethersproject/constants@5.5.0", "@ethersproject/constants@^5.5.0":
    version "5.5.0"
    resolved "https://npm.midway.run/@ethersproject%2fconstants/-/constants-5.5.0.tgz#d2a2cd7d94bd1d58377d1d66c4f53c9be4d0a45e"
    integrity sha1-0qLNfZS9HVg3fR1mxPU8m+TQpF4=
    dependencies:
      "@ethersproject/bignumber" "^5.5.0"
  
  "@ethersproject/contracts@5.5.0":
    version "5.5.0"
    resolved "https://npm.midway.run/@ethersproject%2fcontracts/-/contracts-5.5.0.tgz#b735260d4bd61283a670a82d5275e2a38892c197"
    integrity sha1-tzUmDUvWEoOmcKgtUnXio4iSwZc=
    dependencies:
      "@ethersproject/abi" "^5.5.0"
      "@ethersproject/abstract-provider" "^5.5.0"
      "@ethersproject/abstract-signer" "^5.5.0"
      "@ethersproject/address" "^5.5.0"
      "@ethersproject/bignumber" "^5.5.0"
      "@ethersproject/bytes" "^5.5.0"
      "@ethersproject/constants" "^5.5.0"
      "@ethersproject/logger" "^5.5.0"
      "@ethersproject/properties" "^5.5.0"
      "@ethersproject/transactions" "^5.5.0"
  
  "@ethersproject/hash@5.5.0", "@ethersproject/hash@^5.5.0":
    version "5.5.0"
    resolved "https://npm.midway.run/@ethersproject%2fhash/-/hash-5.5.0.tgz#7cee76d08f88d1873574c849e0207dcb32380cc9"
    integrity sha1-fO520I+I0Yc1dMhJ4CB9yzI4DMk=
    dependencies:
      "@ethersproject/abstract-signer" "^5.5.0"
      "@ethersproject/address" "^5.5.0"
      "@ethersproject/bignumber" "^5.5.0"
      "@ethersproject/bytes" "^5.5.0"
      "@ethersproject/keccak256" "^5.5.0"
      "@ethersproject/logger" "^5.5.0"
      "@ethersproject/properties" "^5.5.0"
      "@ethersproject/strings" "^5.5.0"
  
  "@ethersproject/hdnode@5.5.0", "@ethersproject/hdnode@^5.5.0":
    version "5.5.0"
    resolved "https://npm.midway.run/@ethersproject%2fhdnode/-/hdnode-5.5.0.tgz#4a04e28f41c546f7c978528ea1575206a200ddf6"
    integrity sha1-SgTij0HFRvfJeFKOoVdSBqIA3fY=
    dependencies:
      "@ethersproject/abstract-signer" "^5.5.0"
      "@ethersproject/basex" "^5.5.0"
      "@ethersproject/bignumber" "^5.5.0"
      "@ethersproject/bytes" "^5.5.0"
      "@ethersproject/logger" "^5.5.0"
      "@ethersproject/pbkdf2" "^5.5.0"
      "@ethersproject/properties" "^5.5.0"
      "@ethersproject/sha2" "^5.5.0"
      "@ethersproject/signing-key" "^5.5.0"
      "@ethersproject/strings" "^5.5.0"
      "@ethersproject/transactions" "^5.5.0"
      "@ethersproject/wordlists" "^5.5.0"
  
  "@ethersproject/json-wallets@5.5.0", "@ethersproject/json-wallets@^5.5.0":
    version "5.5.0"
    resolved "https://npm.midway.run/@ethersproject%2fjson-wallets/-/json-wallets-5.5.0.tgz#dd522d4297e15bccc8e1427d247ec8376b60e325"
    integrity sha1-3VItQpfhW8zI4UJ9JH7IN2tg4yU=
    dependencies:
      "@ethersproject/abstract-signer" "^5.5.0"
      "@ethersproject/address" "^5.5.0"
      "@ethersproject/bytes" "^5.5.0"
      "@ethersproject/hdnode" "^5.5.0"
      "@ethersproject/keccak256" "^5.5.0"
      "@ethersproject/logger" "^5.5.0"
      "@ethersproject/pbkdf2" "^5.5.0"
      "@ethersproject/properties" "^5.5.0"
      "@ethersproject/random" "^5.5.0"
      "@ethersproject/strings" "^5.5.0"
      "@ethersproject/transactions" "^5.5.0"
      aes-js "3.0.0"
      scrypt-js "3.0.1"
  
  "@ethersproject/keccak256@5.5.0", "@ethersproject/keccak256@^5.5.0":
    version "5.5.0"
    resolved "https://npm.midway.run/@ethersproject%2fkeccak256/-/keccak256-5.5.0.tgz#e4b1f9d7701da87c564ffe336f86dcee82983492"
    integrity sha1-5LH513AdqHxWT/4zb4bc7oKYNJI=
    dependencies:
      "@ethersproject/bytes" "^5.5.0"
      js-sha3 "0.8.0"
  
  "@ethersproject/logger@5.5.0", "@ethersproject/logger@^5.5.0":
    version "5.5.0"
    resolved "https://npm.midway.run/@ethersproject%2flogger/-/logger-5.5.0.tgz#0c2caebeff98e10aefa5aef27d7441c7fd18cf5d"
    integrity sha1-DCyuvv+Y4Qrvpa7yfXRBx/0Yz10=
  
  "@ethersproject/networks@5.5.2", "@ethersproject/networks@^5.5.0":
    version "5.5.2"
    resolved "https://npm.midway.run/@ethersproject%2fnetworks/-/networks-5.5.2.tgz#784c8b1283cd2a931114ab428dae1bd00c07630b"
    integrity sha512-NEqPxbGBfy6O3x4ZTISb90SjEDkWYDUbEeIFhJly0F7sZjoQMnj5KYzMSkMkLKZ+1fGpx00EDpHQCy6PrDupkQ==
    dependencies:
      "@ethersproject/logger" "^5.5.0"
  
  "@ethersproject/pbkdf2@5.5.0", "@ethersproject/pbkdf2@^5.5.0":
    version "5.5.0"
    resolved "https://npm.midway.run/@ethersproject%2fpbkdf2/-/pbkdf2-5.5.0.tgz#e25032cdf02f31505d47afbf9c3e000d95c4a050"
    integrity sha1-4lAyzfAvMVBdR6+/nD4ADZXEoFA=
    dependencies:
      "@ethersproject/bytes" "^5.5.0"
      "@ethersproject/sha2" "^5.5.0"
  
  "@ethersproject/properties@5.5.0", "@ethersproject/properties@^5.5.0":
    version "5.5.0"
    resolved "https://npm.midway.run/@ethersproject%2fproperties/-/properties-5.5.0.tgz#61f00f2bb83376d2071baab02245f92070c59995"
    integrity sha1-YfAPK7gzdtIHG6qwIkX5IHDFmZU=
    dependencies:
      "@ethersproject/logger" "^5.5.0"
  
  "@ethersproject/providers@5.5.2":
    version "5.5.2"
    resolved "https://npm.midway.run/@ethersproject%2fproviders/-/providers-5.5.2.tgz#131ccf52dc17afd0ab69ed444b8c0e3a27297d99"
    integrity sha512-hkbx7x/MKcRjyrO4StKXCzCpWer6s97xnm34xkfPiarhtEUVAN4TBBpamM+z66WcTt7H5B53YwbRj1n7i8pZoQ==
    dependencies:
      "@ethersproject/abstract-provider" "^5.5.0"
      "@ethersproject/abstract-signer" "^5.5.0"
      "@ethersproject/address" "^5.5.0"
      "@ethersproject/basex" "^5.5.0"
      "@ethersproject/bignumber" "^5.5.0"
      "@ethersproject/bytes" "^5.5.0"
      "@ethersproject/constants" "^5.5.0"
      "@ethersproject/hash" "^5.5.0"
      "@ethersproject/logger" "^5.5.0"
      "@ethersproject/networks" "^5.5.0"
      "@ethersproject/properties" "^5.5.0"
      "@ethersproject/random" "^5.5.0"
      "@ethersproject/rlp" "^5.5.0"
      "@ethersproject/sha2" "^5.5.0"
      "@ethersproject/strings" "^5.5.0"
      "@ethersproject/transactions" "^5.5.0"
      "@ethersproject/web" "^5.5.0"
      bech32 "1.1.4"
      ws "7.4.6"
  
  "@ethersproject/random@5.5.1", "@ethersproject/random@^5.5.0":
    version "5.5.1"
    resolved "https://npm.midway.run/@ethersproject%2frandom/-/random-5.5.1.tgz#7cdf38ea93dc0b1ed1d8e480ccdaf3535c555415"
    integrity sha512-YaU2dQ7DuhL5Au7KbcQLHxcRHfgyNgvFV4sQOo0HrtW3Zkrc9ctWNz8wXQ4uCSfSDsqX2vcjhroxU5RQRV0nqA==
    dependencies:
      "@ethersproject/bytes" "^5.5.0"
      "@ethersproject/logger" "^5.5.0"
  
  "@ethersproject/rlp@5.5.0", "@ethersproject/rlp@^5.5.0":
    version "5.5.0"
    resolved "https://npm.midway.run/@ethersproject%2frlp/-/rlp-5.5.0.tgz#530f4f608f9ca9d4f89c24ab95db58ab56ab99a0"
    integrity sha1-Uw9PYI+cqdT4nCSrldtYq1armaA=
    dependencies:
      "@ethersproject/bytes" "^5.5.0"
      "@ethersproject/logger" "^5.5.0"
  
  "@ethersproject/sha2@5.5.0", "@ethersproject/sha2@^5.5.0":
    version "5.5.0"
    resolved "https://npm.midway.run/@ethersproject%2fsha2/-/sha2-5.5.0.tgz#a40a054c61f98fd9eee99af2c3cc6ff57ec24db7"
    integrity sha1-pAoFTGH5j9nu6Zryw8xv9X7CTbc=
    dependencies:
      "@ethersproject/bytes" "^5.5.0"
      "@ethersproject/logger" "^5.5.0"
      hash.js "1.1.7"
  
  "@ethersproject/signing-key@5.5.0", "@ethersproject/signing-key@^5.5.0":
    version "5.5.0"
    resolved "https://npm.midway.run/@ethersproject%2fsigning-key/-/signing-key-5.5.0.tgz#2aa37169ce7e01e3e80f2c14325f624c29cedbe0"
    integrity sha1-KqNxac5+AePoDywUMl9iTCnO2+A=
    dependencies:
      "@ethersproject/bytes" "^5.5.0"
      "@ethersproject/logger" "^5.5.0"
      "@ethersproject/properties" "^5.5.0"
      bn.js "^4.11.9"
      elliptic "6.5.4"
      hash.js "1.1.7"
  
  "@ethersproject/solidity@5.5.0":
    version "5.5.0"
    resolved "https://npm.midway.run/@ethersproject%2fsolidity/-/solidity-5.5.0.tgz#2662eb3e5da471b85a20531e420054278362f93f"
    integrity sha1-JmLrPl2kcbhaIFMeQgBUJ4Ni+T8=
    dependencies:
      "@ethersproject/bignumber" "^5.5.0"
      "@ethersproject/bytes" "^5.5.0"
      "@ethersproject/keccak256" "^5.5.0"
      "@ethersproject/logger" "^5.5.0"
      "@ethersproject/sha2" "^5.5.0"
      "@ethersproject/strings" "^5.5.0"
  
  "@ethersproject/strings@5.5.0", "@ethersproject/strings@^5.5.0":
    version "5.5.0"
    resolved "https://npm.midway.run/@ethersproject%2fstrings/-/strings-5.5.0.tgz#e6784d00ec6c57710755699003bc747e98c5d549"
    integrity sha1-5nhNAOxsV3EHVWmQA7x0fpjF1Uk=
    dependencies:
      "@ethersproject/bytes" "^5.5.0"
      "@ethersproject/constants" "^5.5.0"
      "@ethersproject/logger" "^5.5.0"
  
  "@ethersproject/transactions@5.5.0", "@ethersproject/transactions@^5.5.0":
    version "5.5.0"
    resolved "https://npm.midway.run/@ethersproject%2ftransactions/-/transactions-5.5.0.tgz#7e9bf72e97bcdf69db34fe0d59e2f4203c7a2908"
    integrity sha1-fpv3Lpe832nbNP4NWeL0IDx6KQg=
    dependencies:
      "@ethersproject/address" "^5.5.0"
      "@ethersproject/bignumber" "^5.5.0"
      "@ethersproject/bytes" "^5.5.0"
      "@ethersproject/constants" "^5.5.0"
      "@ethersproject/keccak256" "^5.5.0"
      "@ethersproject/logger" "^5.5.0"
      "@ethersproject/properties" "^5.5.0"
      "@ethersproject/rlp" "^5.5.0"
      "@ethersproject/signing-key" "^5.5.0"
  
  "@ethersproject/units@5.5.0":
    version "5.5.0"
    resolved "https://npm.midway.run/@ethersproject%2funits/-/units-5.5.0.tgz#104d02db5b5dc42cc672cc4587bafb87a95ee45e"
    integrity sha1-EE0C21tdxCzGcsxFh7r7h6le5F4=
    dependencies:
      "@ethersproject/bignumber" "^5.5.0"
      "@ethersproject/constants" "^5.5.0"
      "@ethersproject/logger" "^5.5.0"
  
  "@ethersproject/wallet@5.5.0":
    version "5.5.0"
    resolved "https://npm.midway.run/@ethersproject%2fwallet/-/wallet-5.5.0.tgz#322a10527a440ece593980dca6182f17d54eae75"
    integrity sha1-MioQUnpEDs5ZOYDcphgvF9VOrnU=
    dependencies:
      "@ethersproject/abstract-provider" "^5.5.0"
      "@ethersproject/abstract-signer" "^5.5.0"
      "@ethersproject/address" "^5.5.0"
      "@ethersproject/bignumber" "^5.5.0"
      "@ethersproject/bytes" "^5.5.0"
      "@ethersproject/hash" "^5.5.0"
      "@ethersproject/hdnode" "^5.5.0"
      "@ethersproject/json-wallets" "^5.5.0"
      "@ethersproject/keccak256" "^5.5.0"
      "@ethersproject/logger" "^5.5.0"
      "@ethersproject/properties" "^5.5.0"
      "@ethersproject/random" "^5.5.0"
      "@ethersproject/signing-key" "^5.5.0"
      "@ethersproject/transactions" "^5.5.0"
      "@ethersproject/wordlists" "^5.5.0"
  
  "@ethersproject/web@5.5.1", "@ethersproject/web@^5.5.0":
    version "5.5.1"
    resolved "https://npm.midway.run/@ethersproject%2fweb/-/web-5.5.1.tgz#cfcc4a074a6936c657878ac58917a61341681316"
    integrity sha512-olvLvc1CB12sREc1ROPSHTdFCdvMh0J5GSJYiQg2D0hdD4QmJDy8QYDb1CvoqD/bF1c++aeKv2sR5uduuG9dQg==
    dependencies:
      "@ethersproject/base64" "^5.5.0"
      "@ethersproject/bytes" "^5.5.0"
      "@ethersproject/logger" "^5.5.0"
      "@ethersproject/properties" "^5.5.0"
      "@ethersproject/strings" "^5.5.0"
  
  "@ethersproject/wordlists@5.5.0", "@ethersproject/wordlists@^5.5.0":
    version "5.5.0"
    resolved "https://npm.midway.run/@ethersproject%2fwordlists/-/wordlists-5.5.0.tgz#aac74963aa43e643638e5172353d931b347d584f"
    integrity sha1-qsdJY6pD5kNjjlFyNT2TGzR9WE8=
    dependencies:
      "@ethersproject/bytes" "^5.5.0"
      "@ethersproject/hash" "^5.5.0"
      "@ethersproject/logger" "^5.5.0"
      "@ethersproject/properties" "^5.5.0"
      "@ethersproject/strings" "^5.5.0"
  
  "@typechain/ethers-v5@^9.0.0":
    version "9.0.0"
    resolved "https://npm.midway.run/@typechain%2fethers-v5/-/ethers-v5-9.0.0.tgz#6aa93bea7425c0463bd8a61eea3643540ef851bd"
    integrity sha512-bAanuPl1L2itaUdMvor/QvwnIH+TM/CmG00q17Ilv3ZZMeJ2j8HcarhgJUZ9pBY1teBb85P8cC03dz3mSSx+tQ==
    dependencies:
      lodash "^4.17.15"
      ts-essentials "^7.0.1"
  
  "@types/node@^17.0.8":
    version "17.0.8"
    resolved "https://npm.midway.run/@types%2fnode/-/node-17.0.8.tgz#50d680c8a8a78fe30abe6906453b21ad8ab0ad7b"
    integrity sha512-YofkM6fGv4gDJq78g4j0mMuGMkZVxZDgtU0JRdx6FgiJDG+0fY0GKVolOV8WqVmEhLCXkQRjwDdKyPxJp/uucg==
  
  "@types/prettier@^2.1.1":
    version "2.4.2"
    resolved "https://npm.midway.run/@types%2fprettier/-/prettier-2.4.2.tgz#4c62fae93eb479660c3bd93f9d24d561597a8281"
    integrity sha1-TGL66T60eWYMO9k/nSTVYVl6goE=
  
  aes-js@3.0.0:
    version "3.0.0"
    resolved "https://npm.midway.run/aes-js/-/aes-js-3.0.0.tgz#e21df10ad6c2053295bcbb8dab40b09dbea87e4d"
    integrity sha1-4h3xCtbCBTKVvLuNq0Cwnb6ofk0=
  
  ansi-styles@^3.2.1:
    version "3.2.1"
    resolved "https://npm.midway.run/ansi-styles/-/ansi-styles-3.2.1.tgz#41fbb20243e50b12be0f04b8dedbf07520ce841d"
    integrity sha1-QfuyAkPlCxK+DwS43tvwdSDOhB0=
    dependencies:
      color-convert "^1.9.0"
  
  ansi-styles@^4.1.0:
    version "4.3.0"
    resolved "https://npm.midway.run/ansi-styles/-/ansi-styles-4.3.0.tgz#edd803628ae71c04c85ae7a0906edad34b648937"
    integrity sha1-7dgDYornHATIWuegkG7a00tkiTc=
    dependencies:
      color-convert "^2.0.1"
  
  array-back@^3.0.1, array-back@^3.1.0:
    version "3.1.0"
    resolved "https://npm.midway.run/array-back/-/array-back-3.1.0.tgz#b8859d7a508871c9a7b2cf42f99428f65e96bfb0"
    integrity sha1-uIWdelCIccmnss9C+ZQo9l6Wv7A=
  
  array-back@^4.0.1:
    version "4.0.2"
    resolved "https://npm.midway.run/array-back/-/array-back-4.0.2.tgz#8004e999a6274586beeb27342168652fdb89fa1e"
    integrity sha1-gATpmaYnRYa+6yc0IWhlL9uJ+h4=
  
  balanced-match@^1.0.0:
    version "1.0.2"
    resolved "https://npm.midway.run/balanced-match/-/balanced-match-1.0.2.tgz#e83e3a7e3f300b34cb9d87f615fa0cbf357690ee"
    integrity sha1-6D46fj8wCzTLnYf2FfoMvzV2kO4=
  
  bech32@1.1.4:
    version "1.1.4"
    resolved "https://npm.midway.run/bech32/-/bech32-1.1.4.tgz#e38c9f37bf179b8eb16ae3a772b40c356d4832e9"
    integrity sha1-44yfN78Xm46xauOncrQMNW1IMuk=
  
  bn.js@^4.11.9:
    version "4.12.0"
    resolved "https://npm.midway.run/bn.js/-/bn.js-4.12.0.tgz#775b3f278efbb9718eec7361f483fb36fbbfea88"
    integrity sha1-d1s/J477uXGO7HNh9IP7Nvu/6og=
  
  brace-expansion@^1.1.7:
    version "1.1.11"
    resolved "https://npm.midway.run/brace-expansion/-/brace-expansion-1.1.11.tgz#3c7fcbf529d87226f3d2f52b966ff5271eb441dd"
    integrity sha1-PH/L9SnYcibz0vUrlm/1Jx60Qd0=
    dependencies:
      balanced-match "^1.0.0"
      concat-map "0.0.1"
  
  brorand@^1.1.0:
    version "1.1.0"
    resolved "https://npm.midway.run/brorand/-/brorand-1.1.0.tgz#12c25efe40a45e3c323eb8675a0a0ce57b22371f"
    integrity sha1-EsJe/kCkXjwyPrhnWgoM5XsiNx8=
  
  chalk@^2.4.2:
    version "2.4.2"
    resolved "https://npm.midway.run/chalk/-/chalk-2.4.2.tgz#cd42541677a54333cf541a49108c1432b44c9424"
    integrity sha1-zUJUFnelQzPPVBpJEIwUMrRMlCQ=
    dependencies:
      ansi-styles "^3.2.1"
      escape-string-regexp "^1.0.5"
      supports-color "^5.3.0"
  
  chalk@^4.1.0:
    version "4.1.2"
    resolved "https://npm.midway.run/chalk/-/chalk-4.1.2.tgz#aac4e2b7734a740867aeb16bf02aad556a1e7a01"
    integrity sha1-qsTit3NKdAhnrrFr8CqtVWoeegE=
    dependencies:
      ansi-styles "^4.1.0"
      supports-color "^7.1.0"
  
  color-convert@^1.9.0:
    version "1.9.3"
    resolved "https://npm.midway.run/color-convert/-/color-convert-1.9.3.tgz#bb71850690e1f136567de629d2d5471deda4c1e8"
    integrity sha1-u3GFBpDh8TZWfeYp0tVHHe2kweg=
    dependencies:
      color-name "1.1.3"
  
  color-convert@^2.0.1:
    version "2.0.1"
    resolved "https://npm.midway.run/color-convert/-/color-convert-2.0.1.tgz#72d3a68d598c9bdb3af2ad1e84f21d896abd4de3"
    integrity sha1-ctOmjVmMm9s68q0ehPIdiWq9TeM=
    dependencies:
      color-name "~1.1.4"
  
  color-name@1.1.3:
    version "1.1.3"
    resolved "https://npm.midway.run/color-name/-/color-name-1.1.3.tgz#a7d0558bd89c42f795dd42328f740831ca53bc25"
    integrity sha1-p9BVi9icQveV3UIyj3QIMcpTvCU=
  
  color-name@~1.1.4:
    version "1.1.4"
    resolved "https://npm.midway.run/color-name/-/color-name-1.1.4.tgz#c2a09a87acbde69543de6f63fa3995c826c536a2"
    integrity sha1-wqCah6y95pVD3m9j+jmVyCbFNqI=
  
  command-line-args@^5.1.1:
    version "5.2.0"
    resolved "https://npm.midway.run/command-line-args/-/command-line-args-5.2.0.tgz#087b02748272169741f1fd7c785b295df079b9be"
    integrity sha1-CHsCdIJyFpdB8f18eFspXfB5ub4=
    dependencies:
      array-back "^3.1.0"
      find-replace "^3.0.0"
      lodash.camelcase "^4.3.0"
      typical "^4.0.0"
  
  command-line-usage@^6.1.0:
    version "6.1.1"
    resolved "https://npm.midway.run/command-line-usage/-/command-line-usage-6.1.1.tgz#c908e28686108917758a49f45efb4f02f76bc03f"
    integrity sha1-yQjihoYQiRd1ikn0XvtPAvdrwD8=
    dependencies:
      array-back "^4.0.1"
      chalk "^2.4.2"
      table-layout "^1.0.1"
      typical "^5.2.0"
  
  concat-map@0.0.1:
    version "0.0.1"
    resolved "https://npm.midway.run/concat-map/-/concat-map-0.0.1.tgz#d8a96bd77fd68df7793a73036a3ba0d5405d477b"
    integrity sha1-2Klr13/Wjfd5OnMDajug1UBdR3s=
  
  debug@^4.1.1:
    version "4.3.3"
    resolved "https://npm.midway.run/debug/-/debug-4.3.3.tgz#04266e0b70a98d4462e6e288e38259213332b664"
    integrity sha512-/zxw5+vh1Tfv+4Qn7a5nsbcJKPaSvCDhojn6FEl9vupwK2VCSDtEiEtqr8DFtzYFOdz63LBkxec7DYuc2jon6Q==
    dependencies:
      ms "2.1.2"
  
  deep-extend@~0.6.0:
    version "0.6.0"
    resolved "https://npm.midway.run/deep-extend/-/deep-extend-0.6.0.tgz#c4fa7c95404a17a9c3e8ca7e1537312b736330ac"
    integrity sha1-xPp8lUBKF6nD6Mp+FTcxK3NjMKw=
  
  dotenv@^11.0.0:
    version "11.0.0"
    resolved "https://npm.midway.run/dotenv/-/dotenv-11.0.0.tgz#ee37feddf8ada6d348a79e198312d4a8abfd1c1e"
    integrity sha512-Fp/b504Y5W+e+FpCxTFMUZ7ZEQkQYF0rx+KZtmwixJxGQbLHrhCwo3FjZgNC8vIfrSi29PABNbMoCGD9YoiXbQ==
  
  elliptic@6.5.4:
    version "6.5.4"
    resolved "https://npm.midway.run/elliptic/-/elliptic-6.5.4.tgz#da37cebd31e79a1367e941b592ed1fbebd58abbb"
    integrity sha1-2jfOvTHnmhNn6UG1ku0fvr1Yq7s=
    dependencies:
      bn.js "^4.11.9"
      brorand "^1.1.0"
      hash.js "^1.0.0"
      hmac-drbg "^1.0.1"
      inherits "^2.0.4"
      minimalistic-assert "^1.0.1"
      minimalistic-crypto-utils "^1.0.1"
  
  escape-string-regexp@^1.0.5:
    version "1.0.5"
    resolved "https://npm.midway.run/escape-string-regexp/-/escape-string-regexp-1.0.5.tgz#1b61c0562190a8dff6ae3bb2cf0200ca130b86d4"
    integrity sha1-G2HAViGQqN/2rjuyzwIAyhMLhtQ=
  
  ethers@^5.5.3:
    version "5.5.3"
    resolved "https://npm.midway.run/ethers/-/ethers-5.5.3.tgz#1e361516711c0c3244b6210e7e3ecabf0c75fca0"
    integrity sha512-fTT4WT8/hTe/BLwRUtl7I5zlpF3XC3P/Xwqxc5AIP2HGlH15qpmjs0Ou78az93b1rLITzXLFxoNX63B8ZbUd7g==
    dependencies:
      "@ethersproject/abi" "5.5.0"
      "@ethersproject/abstract-provider" "5.5.1"
      "@ethersproject/abstract-signer" "5.5.0"
      "@ethersproject/address" "5.5.0"
      "@ethersproject/base64" "5.5.0"
      "@ethersproject/basex" "5.5.0"
      "@ethersproject/bignumber" "5.5.0"
      "@ethersproject/bytes" "5.5.0"
      "@ethersproject/constants" "5.5.0"
      "@ethersproject/contracts" "5.5.0"
      "@ethersproject/hash" "5.5.0"
      "@ethersproject/hdnode" "5.5.0"
      "@ethersproject/json-wallets" "5.5.0"
      "@ethersproject/keccak256" "5.5.0"
      "@ethersproject/logger" "5.5.0"
      "@ethersproject/networks" "5.5.2"
      "@ethersproject/pbkdf2" "5.5.0"
      "@ethersproject/properties" "5.5.0"
      "@ethersproject/providers" "5.5.2"
      "@ethersproject/random" "5.5.1"
      "@ethersproject/rlp" "5.5.0"
      "@ethersproject/sha2" "5.5.0"
      "@ethersproject/signing-key" "5.5.0"
      "@ethersproject/solidity" "5.5.0"
      "@ethersproject/strings" "5.5.0"
      "@ethersproject/transactions" "5.5.0"
      "@ethersproject/units" "5.5.0"
      "@ethersproject/wallet" "5.5.0"
      "@ethersproject/web" "5.5.1"
      "@ethersproject/wordlists" "5.5.0"
  
  find-replace@^3.0.0:
    version "3.0.0"
    resolved "https://npm.midway.run/find-replace/-/find-replace-3.0.0.tgz#3e7e23d3b05167a76f770c9fbd5258b0def68c38"
    integrity sha1-Pn4j07BRZ6dvdwyfvVJYsN72jDg=
    dependencies:
      array-back "^3.0.1"
  
  fs-extra@^7.0.0:
    version "7.0.1"
    resolved "https://npm.midway.run/fs-extra/-/fs-extra-7.0.1.tgz#4f189c44aa123b895f722804f55ea23eadc348e9"
    integrity sha1-TxicRKoSO4lfcigE9V6iPq3DSOk=
    dependencies:
      graceful-fs "^4.1.2"
      jsonfile "^4.0.0"
      universalify "^0.1.0"
  
  fs.realpath@^1.0.0:
    version "1.0.0"
    resolved "https://npm.midway.run/fs.realpath/-/fs.realpath-1.0.0.tgz#1504ad2523158caa40db4a2787cb01411994ea4f"
    integrity sha1-FQStJSMVjKpA20onh8sBQRmU6k8=
  
  glob@^7.1.6:
    version "7.2.0"
    resolved "https://npm.midway.run/glob/-/glob-7.2.0.tgz#d15535af7732e02e948f4c41628bd910293f6023"
    integrity sha1-0VU1r3cy4C6Uj0xBYovZECk/YCM=
    dependencies:
      fs.realpath "^1.0.0"
      inflight "^1.0.4"
      inherits "2"
      minimatch "^3.0.4"
      once "^1.3.0"
      path-is-absolute "^1.0.0"
  
  graceful-fs@^4.1.2, graceful-fs@^4.1.6:
    version "4.2.9"
    resolved "https://npm.midway.run/graceful-fs/-/graceful-fs-4.2.9.tgz#041b05df45755e587a24942279b9d113146e1c96"
    integrity sha512-NtNxqUcXgpW2iMrfqSfR73Glt39K+BLwWsPs94yR63v45T0Wbej7eRmL5cWfwEgqXnmjQp3zaJTshdRW/qC2ZQ==
  
  has-flag@^3.0.0:
    version "3.0.0"
    resolved "https://npm.midway.run/has-flag/-/has-flag-3.0.0.tgz#b5d454dc2199ae225699f3467e5a07f3b955bafd"
    integrity sha1-tdRU3CGZriJWmfNGfloH87lVuv0=
  
  has-flag@^4.0.0:
    version "4.0.0"
    resolved "https://npm.midway.run/has-flag/-/has-flag-4.0.0.tgz#944771fd9c81c81265c4d6941860da06bb59479b"
    integrity sha1-lEdx/ZyByBJlxNaUGGDaBrtZR5s=
  
  hash.js@1.1.7, hash.js@^1.0.0, hash.js@^1.0.3:
    version "1.1.7"
    resolved "https://npm.midway.run/hash.js/-/hash.js-1.1.7.tgz#0babca538e8d4ee4a0f8988d68866537a003cf42"
    integrity sha1-C6vKU46NTuSg+JiNaIZlN6ADz0I=
    dependencies:
      inherits "^2.0.3"
      minimalistic-assert "^1.0.1"
  
  hmac-drbg@^1.0.1:
    version "1.0.1"
    resolved "https://npm.midway.run/hmac-drbg/-/hmac-drbg-1.0.1.tgz#d2745701025a6c775a6c545793ed502fc0c649a1"
    integrity sha1-0nRXAQJabHdabFRXk+1QL8DGSaE=
    dependencies:
      hash.js "^1.0.3"
      minimalistic-assert "^1.0.0"
      minimalistic-crypto-utils "^1.0.1"
  
  inflight@^1.0.4:
    version "1.0.6"
    resolved "https://npm.midway.run/inflight/-/inflight-1.0.6.tgz#49bd6331d7d02d0c09bc910a1075ba8165b56df9"
    integrity sha1-Sb1jMdfQLQwJvJEKEHW6gWW1bfk=
    dependencies:
      once "^1.3.0"
      wrappy "1"
  
  inherits@2, inherits@^2.0.3, inherits@^2.0.4:
    version "2.0.4"
    resolved "https://npm.midway.run/inherits/-/inherits-2.0.4.tgz#0fa2c64f932917c3433a0ded55363aae37416b7c"
    integrity sha1-D6LGT5MpF8NDOg3tVTY6rjdBa3w=
  
  js-sha3@0.8.0, js-sha3@^0.8.0:
    version "0.8.0"
    resolved "https://npm.midway.run/js-sha3/-/js-sha3-0.8.0.tgz#b9b7a5da73afad7dedd0f8c463954cbde6818840"
    integrity sha1-ubel2nOvrX3t0PjEY5VMveaBiEA=
  
  jsonfile@^4.0.0:
    version "4.0.0"
    resolved "https://npm.midway.run/jsonfile/-/jsonfile-4.0.0.tgz#8771aae0799b64076b76640fca058f9c10e33ecb"
    integrity sha1-h3Gq4HmbZAdrdmQPygWPnBDjPss=
    optionalDependencies:
      graceful-fs "^4.1.6"
  
  lodash.camelcase@^4.3.0:
    version "4.3.0"
    resolved "https://npm.midway.run/lodash.camelcase/-/lodash.camelcase-4.3.0.tgz#b28aa6288a2b9fc651035c7711f65ab6190331a6"
    integrity sha1-soqmKIorn8ZRA1x3EfZathkDMaY=
  
  lodash@^4.17.15:
    version "4.17.21"
    resolved "https://npm.midway.run/lodash/-/lodash-4.17.21.tgz#679591c564c3bffaae8454cf0b3df370c3d6911c"
    integrity sha1-Z5WRxWTDv/quhFTPCz3zcMPWkRw=
  
  minimalistic-assert@^1.0.0, minimalistic-assert@^1.0.1:
    version "1.0.1"
    resolved "https://npm.midway.run/minimalistic-assert/-/minimalistic-assert-1.0.1.tgz#2e194de044626d4a10e7f7fbc00ce73e83e4d5c7"
    integrity sha1-LhlN4ERibUoQ5/f7wAznPoPk1cc=
  
  minimalistic-crypto-utils@^1.0.1:
    version "1.0.1"
    resolved "https://npm.midway.run/minimalistic-crypto-utils/-/minimalistic-crypto-utils-1.0.1.tgz#f6c00c1c0b082246e5c4d99dfb8c7c083b2b582a"
    integrity sha1-9sAMHAsIIkblxNmd+4x8CDsrWCo=
  
  minimatch@^3.0.4:
    version "3.0.4"
    resolved "https://npm.midway.run/minimatch/-/minimatch-3.0.4.tgz#5166e286457f03306064be5497e8dbb0c3d32083"
    integrity sha1-UWbihkV/AzBgZL5Ul+jbsMPTIIM=
    dependencies:
      brace-expansion "^1.1.7"
  
  mkdirp@^1.0.4:
    version "1.0.4"
    resolved "https://npm.midway.run/mkdirp/-/mkdirp-1.0.4.tgz#3eb5ed62622756d79a5f0e2a221dfebad75c2f7e"
    integrity sha1-PrXtYmInVteaXw4qIh3+utdcL34=
  
  ms@2.1.2:
    version "2.1.2"
    resolved "https://npm.midway.run/ms/-/ms-2.1.2.tgz#d09d1f357b443f493382a8eb3ccd183872ae6009"
    integrity sha1-0J0fNXtEP0kzgqjrPM0YOHKuYAk=
  
  once@^1.3.0:
    version "1.4.0"
    resolved "https://npm.midway.run/once/-/once-1.4.0.tgz#583b1aa775961d4b113ac17d9c50baef9dd76bd1"
    integrity sha1-WDsap3WWHUsROsF9nFC6753Xa9E=
    dependencies:
      wrappy "1"
  
  path-is-absolute@^1.0.0:
    version "1.0.1"
    resolved "https://npm.midway.run/path-is-absolute/-/path-is-absolute-1.0.1.tgz#174b9268735534ffbc7ace6bf53a5a9e1b5c5f5f"
    integrity sha1-F0uSaHNVNP+8es5r9TpanhtcX18=
  
  prettier@^2.1.2:
    version "2.5.1"
    resolved "https://npm.midway.run/prettier/-/prettier-2.5.1.tgz#fff75fa9d519c54cf0fce328c1017d94546bc56a"
    integrity sha512-vBZcPRUR5MZJwoyi3ZoyQlc1rXeEck8KgeC9AwwOn+exuxLxq5toTRDTSaVrXHxelDMHy9zlicw8u66yxoSUFg==
  
  reduce-flatten@^2.0.0:
    version "2.0.0"
    resolved "https://npm.midway.run/reduce-flatten/-/reduce-flatten-2.0.0.tgz#734fd84e65f375d7ca4465c69798c25c9d10ae27"
    integrity sha1-c0/YTmXzddfKRGXGl5jCXJ0Qric=
  
  scrypt-js@3.0.1:
    version "3.0.1"
    resolved "https://npm.midway.run/scrypt-js/-/scrypt-js-3.0.1.tgz#d314a57c2aef69d1ad98a138a21fe9eafa9ee312"
    integrity sha1-0xSlfCrvadGtmKE4oh/p6vqe4xI=
  
  string-format@^2.0.0:
    version "2.0.0"
    resolved "https://npm.midway.run/string-format/-/string-format-2.0.0.tgz#f2df2e7097440d3b65de31b6d40d54c96eaffb9b"
    integrity sha1-8t8ucJdEDTtl3jG21A1UyW6v+5s=
  
  supports-color@^5.3.0:
    version "5.5.0"
    resolved "https://npm.midway.run/supports-color/-/supports-color-5.5.0.tgz#e2e69a44ac8772f78a1ec0b35b689df6530efc8f"
    integrity sha1-4uaaRKyHcveKHsCzW2id9lMO/I8=
    dependencies:
      has-flag "^3.0.0"
  
  supports-color@^7.1.0:
    version "7.2.0"
    resolved "https://npm.midway.run/supports-color/-/supports-color-7.2.0.tgz#1b7dcdcb32b8138801b3e478ba6a51caa89648da"
    integrity sha1-G33NyzK4E4gBs+R4umpRyqiWSNo=
    dependencies:
      has-flag "^4.0.0"
  
  table-layout@^1.0.1:
    version "1.0.2"
    resolved "https://npm.midway.run/table-layout/-/table-layout-1.0.2.tgz#c4038a1853b0136d63365a734b6931cf4fad4a04"
    integrity sha1-xAOKGFOwE21jNlpzS2kxz0+tSgQ=
    dependencies:
      array-back "^4.0.1"
      deep-extend "~0.6.0"
      typical "^5.2.0"
      wordwrapjs "^4.0.0"
  
  ts-command-line-args@^2.2.0:
    version "2.2.0"
    resolved "https://npm.midway.run/ts-command-line-args/-/ts-command-line-args-2.2.0.tgz#655e10451b06c86d318e9467546da4d19b773a55"
    integrity sha1-ZV4QRRsGyG0xjpRnVG2k0Zt3OlU=
    dependencies:
      chalk "^4.1.0"
      command-line-args "^5.1.1"
      command-line-usage "^6.1.0"
      string-format "^2.0.0"
  
  ts-essentials@^7.0.1:
    version "7.0.3"
    resolved "https://npm.midway.run/ts-essentials/-/ts-essentials-7.0.3.tgz#686fd155a02133eedcc5362dc8b5056cde3e5a38"
    integrity sha1-aG/RVaAhM+7cxTYtyLUFbN4+Wjg=
  
  typechain@^7.0.0:
    version "7.0.0"
    resolved "https://npm.midway.run/typechain/-/typechain-7.0.0.tgz#258ca136de1d451368bde01c318976a83062f110"
    integrity sha512-ILfvBBFJ7j9aIk0crX03+N2GmzoDN1gtk32G1+XrasjuvXS0XAw2XxwQeQMMgKwlnxViJjIkG87sTMYXPkXA9g==
    dependencies:
      "@types/prettier" "^2.1.1"
      debug "^4.1.1"
      fs-extra "^7.0.0"
      glob "^7.1.6"
      js-sha3 "^0.8.0"
      lodash "^4.17.15"
      mkdirp "^1.0.4"
      prettier "^2.1.2"
      ts-command-line-args "^2.2.0"
      ts-essentials "^7.0.1"
  
  typescript@^4.5.4:
    version "4.5.4"
    resolved "https://npm.midway.run/typescript/-/typescript-4.5.4.tgz#a17d3a0263bf5c8723b9c52f43c5084edf13c2e8"
    integrity sha512-VgYs2A2QIRuGphtzFV7aQJduJ2gyfTljngLzjpfW9FoYZF6xuw1W0vW9ghCKLfcWrCFxK81CSGRAvS1pn4fIUg==
  
  typical@^4.0.0:
    version "4.0.0"
    resolved "https://npm.midway.run/typical/-/typical-4.0.0.tgz#cbeaff3b9d7ae1e2bbfaf5a4e6f11eccfde94fc4"
    integrity sha1-y+r/O5164eK7+vWk5vEezP3pT8Q=
  
  typical@^5.2.0:
    version "5.2.0"
    resolved "https://npm.midway.run/typical/-/typical-5.2.0.tgz#4daaac4f2b5315460804f0acf6cb69c52bb93066"
    integrity sha1-TaqsTytTFUYIBPCs9stpxSu5MGY=
  
  universalify@^0.1.0:
    version "0.1.2"
    resolved "https://npm.midway.run/universalify/-/universalify-0.1.2.tgz#b646f69be3942dabcecc9d6639c80dc105efaa66"
    integrity sha1-tkb2m+OULavOzJ1mOcgNwQXvqmY=
  
  wordwrapjs@^4.0.0:
    version "4.0.1"
    resolved "https://npm.midway.run/wordwrapjs/-/wordwrapjs-4.0.1.tgz#d9790bccfb110a0fc7836b5ebce0937b37a8b98f"
    integrity sha1-2XkLzPsRCg/Hg2tevOCTezeouY8=
    dependencies:
      reduce-flatten "^2.0.0"
      typical "^5.2.0"
  
  wrappy@1:
    version "1.0.2"
    resolved "https://npm.midway.run/wrappy/-/wrappy-1.0.2.tgz#b5243d8f3ec1aa35f1364605bc0d1036e30ab69f"
    integrity sha1-tSQ9jz7BqjXxNkYFvA0QNuMKtp8=
  
  ws@7.4.6:
    version "7.4.6"
    resolved "https://npm.midway.run/ws/-/ws-7.4.6.tgz#5654ca8ecdeee47c33a9a4bf6d28e2be2980377c"
    integrity sha1-VlTKjs3u5HwzqaS/bSjivimAN3w=
